<?xml version="1.0" encoding="UTF-8"?>
<testsuite name="Spek" tests="0" skipped="0" failures="0" errors="0" time="0.009" hostname="enkime" timestamp="2017-11-13T14:18:19">
<properties>
<property name="awt.toolkit" value="sun.awt.X11.XToolkit"/>
<property name="file.encoding" value="UTF-8"/>
<property name="file.encoding.pkg" value="sun.io"/>
<property name="file.separator" value="/"/>
<property name="java.awt.graphicsenv" value="sun.awt.X11GraphicsEnvironment"/>
<property name="java.awt.printerjob" value="sun.print.PSPrinterJob"/>
<property name="java.class.path" value="/home/enkime/git/resentiment/kore/build/classes/test:/home/enkime/git/resentiment/kore/build/resources/test:/home/enkime/git/resentiment/kore/build/classes/main:/home/enkime/git/resentiment/kore/build/resources/main:/home/enkime/.gradle/caches/modules-2/files-2.1/org.jetbrains.kotlin/kotlin-stdlib-jre8/1.1.51/cc8e639ff087472268912159cd66c01f2765c657/kotlin-stdlib-jre8-1.1.51.jar:/home/enkime/.gradle/caches/modules-2/files-2.1/org.scala-lang/scala-library/2.11.8/ddd5a8bced249bedd86fb4578a39b9fb71480573/scala-library-2.11.8.jar:/home/enkime/.gradle/caches/modules-2/files-2.1/org.jetbrains.spek/spek-api/1.1.5/bc19a88a54bb18edc9dd64d79b42f32b3215f1ca/spek-api-1.1.5.jar:/home/enkime/.gradle/caches/modules-2/files-2.1/org.jetbrains.spek/spek-junit-platform-engine/1.1.5/84bbc6c2b61230b5921458b87332672d08fdc1e3/spek-junit-platform-engine-1.1.5.jar:/home/enkime/.gradle/caches/modules-2/files-2.1/org.jetbrains.kotlin/kotlin-stdlib/1.1.51/e34fe80c9714240525f665113dd3749415515655/kotlin-stdlib-1.1.51.jar:/home/enkime/.gradle/caches/modules-2/files-2.1/org.jetbrains.kotlin/kotlin-stdlib-jre7/1.1.51/8b5933578dc55f32cfc1a25f1db6371e4161fb8f/kotlin-stdlib-jre7-1.1.51.jar:/home/enkime/.gradle/caches/modules-2/files-2.1/org.jetbrains.kotlin/kotlin-reflect/1.0.6/3d499d3b7768f88c4796e5a1e357933e11a8936d/kotlin-reflect-1.0.6.jar:/home/enkime/.gradle/caches/modules-2/files-2.1/org.jetbrains/annotations/13.0/919f0dfe192fb4e063e7dacadee7f8bb9a2672a9/annotations-13.0.jar:/home/enkime/.gradle/caches/modules-2/files-2.1/org.junit.platform/junit-platform-launcher/1.0.0/5602a195a442636276efefce2a4c7b418cd67e5c/junit-platform-launcher-1.0.0.jar:/home/enkime/.gradle/caches/modules-2/files-2.1/org.junit.platform/junit-platform-console/1.0.0/2931079616796bc4537f7e3c236f8fdfe7e51237/junit-platform-console-1.0.0.jar:/home/enkime/.gradle/caches/modules-2/files-2.1/org.apiguardian/apiguardian-api/1.0.0/3ef5276905e36f4d8055fe3cb0bdcc7503ffc85d/apiguardian-api-1.0.0.jar:/home/enkime/.gradle/caches/modules-2/files-2.1/org.junit.platform/junit-platform-engine/1.0.0/fdc6f63a689b894529ea5e9e218b65422748fd/junit-platform-engine-1.0.0.jar:/home/enkime/.gradle/caches/modules-2/files-2.1/org.junit.platform/junit-platform-commons/1.0.0/d2e03d9b21020746d48fe45834ff7d71fbcbd7b2/junit-platform-commons-1.0.0.jar:/home/enkime/.gradle/caches/modules-2/files-2.1/org.opentest4j/opentest4j/1.0.0/6f09c598e9ff64bf0ce2fa7e7de49a99ba83c0b4/opentest4j-1.0.0.jar"/>
<property name="java.class.version" value="52.0"/>
<property name="java.endorsed.dirs" value="/usr/lib/jvm/java-8-openjdk-amd64/jre/lib/endorsed"/>
<property name="java.ext.dirs" value="/usr/lib/jvm/java-8-openjdk-amd64/jre/lib/ext:/usr/java/packages/lib/ext"/>
<property name="java.home" value="/usr/lib/jvm/java-8-openjdk-amd64/jre"/>
<property name="java.io.tmpdir" value="/tmp"/>
<property name="java.library.path" value="/usr/java/packages/lib/amd64:/usr/lib/x86_64-linux-gnu/jni:/lib/x86_64-linux-gnu:/usr/lib/x86_64-linux-gnu:/usr/lib/jni:/lib:/usr/lib"/>
<property name="java.runtime.name" value="OpenJDK Runtime Environment"/>
<property name="java.runtime.version" value="1.8.0_45-internal-b14"/>
<property name="java.specification.name" value="Java Platform API Specification"/>
<property name="java.specification.vendor" value="Oracle Corporation"/>
<property name="java.specification.version" value="1.8"/>
<property name="java.vendor" value="Oracle Corporation"/>
<property name="java.vendor.url" value="http://java.oracle.com/"/>
<property name="java.vendor.url.bug" value="http://bugreport.sun.com/bugreport/"/>
<property name="java.version" value="1.8.0_45-internal"/>
<property name="java.vm.info" value="mixed mode"/>
<property name="java.vm.name" value="OpenJDK 64-Bit Server VM"/>
<property name="java.vm.specification.name" value="Java Virtual Machine Specification"/>
<property name="java.vm.specification.vendor" value="Oracle Corporation"/>
<property name="java.vm.specification.version" value="1.8"/>
<property name="java.vm.vendor" value="Oracle Corporation"/>
<property name="java.vm.version" value="25.45-b02"/>
<property name="line.separator" value="
"/>
<property name="os.arch" value="amd64"/>
<property name="os.name" value="Linux"/>
<property name="os.version" value="3.19.0-93-generic"/>
<property name="path.separator" value=":"/>
<property name="sun.arch.data.model" value="64"/>
<property name="sun.boot.class.path" value="/usr/lib/jvm/java-8-openjdk-amd64/jre/lib/resources.jar:/usr/lib/jvm/java-8-openjdk-amd64/jre/lib/rt.jar:/usr/lib/jvm/java-8-openjdk-amd64/jre/lib/sunrsasign.jar:/usr/lib/jvm/java-8-openjdk-amd64/jre/lib/jsse.jar:/usr/lib/jvm/java-8-openjdk-amd64/jre/lib/jce.jar:/usr/lib/jvm/java-8-openjdk-amd64/jre/lib/charsets.jar:/usr/lib/jvm/java-8-openjdk-amd64/jre/lib/jfr.jar:/usr/lib/jvm/java-8-openjdk-amd64/jre/classes"/>
<property name="sun.boot.library.path" value="/usr/lib/jvm/java-8-openjdk-amd64/jre/lib/amd64"/>
<property name="sun.cpu.endian" value="little"/>
<property name="sun.cpu.isalist" value=""/>
<property name="sun.desktop" value="gnome"/>
<property name="sun.io.unicode.encoding" value="UnicodeLittle"/>
<property name="sun.java.command" value="org.junit.platform.console.ConsoleLauncher --details NONE --scan-class-path /home/enkime/git/resentiment/kore/build/classes/main:/home/enkime/git/resentiment/kore/build/resources/main:/home/enkime/git/resentiment/kore/build/classes/test:/home/enkime/git/resentiment/kore/build/resources/test -n ^.*Tests?$ -e spek --reports-dir /home/enkime/git/resentiment/kore/build/test-results/junit-platform"/>
<property name="sun.java.launcher" value="SUN_STANDARD"/>
<property name="sun.jnu.encoding" value="UTF-8"/>
<property name="sun.management.compiler" value="HotSpot 64-Bit Tiered Compilers"/>
<property name="sun.os.patch.level" value="unknown"/>
<property name="user.country" value="PL"/>
<property name="user.dir" value="/home/enkime/git/resentiment/kore"/>
<property name="user.home" value="/home/enkime"/>
<property name="user.language" value="pl"/>
<property name="user.name" value="enkime"/>
<property name="user.timezone" value="Europe/Warsaw"/>
<property name="user.variant" value=""/>
</properties>
<system-out><![CDATA[
unique-id: [engine:spek]
display-name: Spek
]]></system-out>
</testsuite>
